Podify2/android/app/build/intermediates/manifest_merge_blame_file/debug/manifest-merger-blame-debug-report.txt
1<?xml version="1.0" encoding="utf-8"?>
2<manifest xmlns:android="http://schemas.android.com/apk/res/android"
3    package="com.podify2"
4    android:versionCode="1"
5    android:versionName="1.0" >
6
7    <uses-sdk
8        android:minSdkVersion="21"
9        android:targetSdkVersion="34" />
10
11    <uses-permission android:name="android.permission.INTERNET" />
11-->src\main\AndroidManifest.xml:3:5-67
11-->src\main\AndroidManifest.xml:3:22-64
12    <uses-permission android:name="android.permission.CAMERA" />
12-->src\main\AndroidManifest.xml:4:5-64
12-->src\main\AndroidManifest.xml:4:22-62
13    <uses-permission android:name="android.permission.READ_MEDIA_IMAGES" />
13-->src\main\AndroidManifest.xml:5:5-75
13-->src\main\AndroidManifest.xml:5:22-73
14
15    <queries>
15-->[:react-native-image-crop-picker] AndroidManifest.xml:7:5-11:15
16        <intent>
16-->[:react-native-image-crop-picker] AndroidManifest.xml:8:9-10:18
17            <action android:name="android.media.action.IMAGE_CAPTURE" />
17-->[:react-native-image-crop-picker] AndroidManifest.xml:9:13-73
17-->[:react-native-image-crop-picker] AndroidManifest.xml:9:21-70
18        </intent>
19
20        <package android:name="androidx.test.orchestrator" />
20-->[androidx.test:runner:1.4.0] AndroidManifest.xml:25:9-62
20-->[androidx.test:runner:1.4.0] AndroidManifest.xml:25:18-59
21        <package android:name="androidx.test.services" />
21-->[androidx.test:runner:1.4.0] AndroidManifest.xml:26:9-58
21-->[androidx.test:runner:1.4.0] AndroidManifest.xml:26:18-55
22        <package android:name="com.google.android.apps.common.testing.services" />
22-->[androidx.test:runner:1.4.0] AndroidManifest.xml:27:9-83
22-->[androidx.test:runner:1.4.0] AndroidManifest.xml:27:18-80
23    </queries>
24
25    <uses-permission android:name="android.permission.WRITE_EXTERNAL_STORAGE" />
25-->[:react-native-image-crop-picker] AndroidManifest.xml:13:5-81
25-->[:react-native-image-crop-picker] AndroidManifest.xml:13:22-78
26    <uses-permission android:name="android.permission.READ_EXTERNAL_STORAGE" />
27    <uses-permission android:name="android.permission.WAKE_LOCK" />
27-->[:react-native-track-player] AndroidManifest.xml:7:5-68
27-->[:react-native-track-player] AndroidManifest.xml:7:22-65
28    <uses-permission android:name="android.permission.FOREGROUND_SERVICE" />
28-->[:react-native-track-player] AndroidManifest.xml:8:5-77
28-->[:react-native-track-player] AndroidManifest.xml:8:22-74
29    <!--
30    This manifest file is used only by Gradle to configure debug-only capabilities
31    for React Native Apps.
32    -->
33    <uses-permission android:name="android.permission.SYSTEM_ALERT_WINDOW" />
33-->[com.facebook.react:react-android:0.73.5] AndroidManifest.xml:16:5-78
33-->[com.facebook.react:react-android:0.73.5] AndroidManifest.xml:16:22-75
34    <uses-permission android:name="android.permission.ACCESS_WIFI_STATE" />
34-->[com.facebook.flipper:flipper:0.201.0] AndroidManifest.xml:14:5-76
34-->[com.facebook.flipper:flipper:0.201.0] AndroidManifest.xml:14:22-73
35    <uses-permission android:name="android.permission.ACCESS_NETWORK_STATE" />
35-->[com.google.android.exoplayer:exoplayer-core:2.18.1] AndroidManifest.xml:24:5-79
35-->[com.google.android.exoplayer:exoplayer-core:2.18.1] AndroidManifest.xml:24:22-76
36
37    <permission
37-->[androidx.core:core:1.9.0] AndroidManifest.xml:22:5-24:47
38        android:name="com.podify2.DYNAMIC_RECEIVER_NOT_EXPORTED_PERMISSION"
38-->[androidx.core:core:1.9.0] AndroidManifest.xml:23:9-81
39        android:protectionLevel="signature" />
39-->[androidx.core:core:1.9.0] AndroidManifest.xml:24:9-44
40
41    <uses-permission android:name="com.podify2.DYNAMIC_RECEIVER_NOT_EXPORTED_PERMISSION" />
41-->[androidx.core:core:1.9.0] AndroidManifest.xml:26:5-97
41-->[androidx.core:core:1.9.0] AndroidManifest.xml:26:22-94
42
43    <application
43-->src\main\AndroidManifest.xml:7:5-26:19
44        android:name="com.podify2.MainApplication"
44-->src\main\AndroidManifest.xml:8:7-38
45        android:allowBackup="false"
45-->src\main\AndroidManifest.xml:12:7-34
46        android:appComponentFactory="androidx.core.app.CoreComponentFactory"
46-->[androidx.core:core:1.9.0] AndroidManifest.xml:28:18-86
47        android:debuggable="true"
48        android:extractNativeLibs="true"
49        android:icon="@mipmap/ic_launcher"
49-->src\main\AndroidManifest.xml:10:7-41
50        android:label="@string/app_name"
50-->src\main\AndroidManifest.xml:9:7-39
51        android:roundIcon="@mipmap/ic_launcher_round"
51-->src\main\AndroidManifest.xml:11:7-52
52        android:theme="@style/AppTheme"
52-->src\main\AndroidManifest.xml:13:7-38
53        android:usesCleartextTraffic="true" >
53-->src\debug\AndroidManifest.xml:6:9-44
54        <activity
54-->src\main\AndroidManifest.xml:14:7-25:18
55            android:name="com.podify2.MainActivity"
55-->src\main\AndroidManifest.xml:15:9-37
56            android:configChanges="keyboard|keyboardHidden|orientation|screenLayout|screenSize|smallestScreenSize|uiMode"
56-->src\main\AndroidManifest.xml:17:9-118
57            android:exported="true"
57-->src\main\AndroidManifest.xml:20:9-32
58            android:label="@string/app_name"
58-->src\main\AndroidManifest.xml:16:9-41
59            android:launchMode="singleTask"
59-->src\main\AndroidManifest.xml:18:9-40
60            android:windowSoftInputMode="adjustResize" >
60-->src\main\AndroidManifest.xml:19:9-51
61            <intent-filter>
61-->src\main\AndroidManifest.xml:21:9-24:25
62                <action android:name="android.intent.action.MAIN" />
62-->src\main\AndroidManifest.xml:22:13-65
62-->src\main\AndroidManifest.xml:22:21-62
63
64                <category android:name="android.intent.category.LAUNCHER" />
64-->src\main\AndroidManifest.xml:23:13-73
64-->src\main\AndroidManifest.xml:23:23-70
65            </intent-filter>
66        </activity>
67
68        <provider
68-->[:react-native-image-crop-picker] AndroidManifest.xml:16:9-24:20
69            android:name="com.reactnative.ivpusic.imagepicker.IvpusicImagePickerFileProvider"
69-->[:react-native-image-crop-picker] AndroidManifest.xml:17:13-94
70            android:authorities="com.podify2.provider"
70-->[:react-native-image-crop-picker] AndroidManifest.xml:18:13-60
71            android:exported="false"
71-->[:react-native-image-crop-picker] AndroidManifest.xml:19:13-37
72            android:grantUriPermissions="true" >
72-->[:react-native-image-crop-picker] AndroidManifest.xml:20:13-47
73            <meta-data
73-->[:react-native-image-crop-picker] AndroidManifest.xml:21:13-23:78
74                android:name="android.support.FILE_PROVIDER_PATHS"
74-->[:react-native-image-crop-picker] AndroidManifest.xml:22:17-67
75                android:resource="@xml/ivpusic_imagepicker_provider_paths" />
75-->[:react-native-image-crop-picker] AndroidManifest.xml:23:17-75
76        </provider>
77
78        <activity
78-->[:react-native-image-crop-picker] AndroidManifest.xml:26:9-28:72
79            android:name="com.yalantis.ucrop.UCropActivity"
79-->[:react-native-image-crop-picker] AndroidManifest.xml:27:13-60
80            android:theme="@style/Theme.AppCompat.Light.NoActionBar" /> <!-- The main service, handles playback, playlists and media buttons -->
80-->[:react-native-image-crop-picker] AndroidManifest.xml:28:13-69
81        <service
81-->[:react-native-track-player] AndroidManifest.xml:13:9-20:19
82            android:name="com.doublesymmetry.trackplayer.service.MusicService"
82-->[:react-native-track-player] AndroidManifest.xml:14:13-79
83            android:enabled="true"
83-->[:react-native-track-player] AndroidManifest.xml:15:13-35
84            android:exported="false" >
84-->[:react-native-track-player] AndroidManifest.xml:16:13-37
85            <intent-filter>
85-->[:react-native-track-player] AndroidManifest.xml:17:13-19:29
86                <action android:name="android.intent.action.MEDIA_BUTTON" />
86-->[:react-native-track-player] AndroidManifest.xml:18:17-77
86-->[:react-native-track-player] AndroidManifest.xml:18:25-74
87            </intent-filter>
88        </service> <!-- A receiver that will receive media buttons. Required on pre-lollipop devices -->
89        <receiver
89-->[:react-native-track-player] AndroidManifest.xml:23:9-29:20
90            android:name="androidx.media.session.MediaButtonReceiver"
90-->[:react-native-track-player] AndroidManifest.xml:24:13-70
91            android:exported="true" >
91-->[:react-native-track-player] AndroidManifest.xml:25:13-36
92            <intent-filter>
92-->[:react-native-track-player] AndroidManifest.xml:17:13-19:29
93                <action android:name="android.intent.action.MEDIA_BUTTON" />
93-->[:react-native-track-player] AndroidManifest.xml:18:17-77
93-->[:react-native-track-player] AndroidManifest.xml:18:25-74
94            </intent-filter>
95        </receiver>
96
97        <activity
97-->[com.facebook.react:react-android:0.73.5] AndroidManifest.xml:19:9-21:40
98            android:name="com.facebook.react.devsupport.DevSettingsActivity"
98-->[com.facebook.react:react-android:0.73.5] AndroidManifest.xml:20:13-77
99            android:exported="false" />
99-->[com.facebook.react:react-android:0.73.5] AndroidManifest.xml:21:13-37
100
101        <provider
101-->[androidx.emoji2:emoji2:1.2.0] AndroidManifest.xml:24:9-32:20
102            android:name="androidx.startup.InitializationProvider"
102-->[androidx.emoji2:emoji2:1.2.0] AndroidManifest.xml:25:13-67
103            android:authorities="com.podify2.androidx-startup"
103-->[androidx.emoji2:emoji2:1.2.0] AndroidManifest.xml:26:13-68
104            android:exported="false" >
104-->[androidx.emoji2:emoji2:1.2.0] AndroidManifest.xml:27:13-37
105            <meta-data
105-->[androidx.emoji2:emoji2:1.2.0] AndroidManifest.xml:29:13-31:52
106                android:name="androidx.emoji2.text.EmojiCompatInitializer"
106-->[androidx.emoji2:emoji2:1.2.0] AndroidManifest.xml:30:17-75
107                android:value="androidx.startup" />
107-->[androidx.emoji2:emoji2:1.2.0] AndroidManifest.xml:31:17-49
108            <meta-data
108-->[androidx.lifecycle:lifecycle-process:2.4.1] AndroidManifest.xml:31:13-33:52
109                android:name="androidx.lifecycle.ProcessLifecycleInitializer"
109-->[androidx.lifecycle:lifecycle-process:2.4.1] AndroidManifest.xml:32:17-78
110                android:value="androidx.startup" />
110-->[androidx.lifecycle:lifecycle-process:2.4.1] AndroidManifest.xml:33:17-49
111        </provider>
112
113        <meta-data
113-->[com.facebook.soloader:soloader:0.10.5] AndroidManifest.xml:12:9-14:37
114            android:name="com.facebook.soloader.enabled"
114-->[com.facebook.soloader:soloader:0.10.5] AndroidManifest.xml:13:13-57
115            android:value="false" />
115-->[com.facebook.soloader:soloader:0.10.5] AndroidManifest.xml:14:13-34
116    </application>
117
118</manifest>